In file included from ./string_map.h:109:0,
                 from ../../../../../../taller4/string_map_tests.cpp:2:
./string_map.hpp: In instantiation of ‘int string_map<T>::count(const string&) const [with T = int; std::__cxx11::string = std::__cxx11::basic_string<char>]’:
../../../../../../taller4/string_map_tests.cpp:8:5:   required from here
./string_map.hpp:129:23: warning: comparison between signed and unsigned integer expressions [-Wsign-compare]
     for (int i = 0; i < clave.size(); ++i) {
                     ~~^~~~~~~~~~~~~~
./string_map.hpp:131:15: warning: comparison between signed and unsigned integer expressions [-Wsign-compare]
         if (i == clave.size() - 1) {
             ~~^~~~~~~~~~~~~~~~~~~
./string_map.hpp: In instantiation of ‘void string_map<T>::insert(const std::pair<std::__cxx11::basic_string<char>, T>&) [with T = int]’:
../../../../../../taller4/string_map_tests.cpp:13:42:   required from here
./string_map.hpp:81:23: warning: comparison between signed and unsigned integer expressions [-Wsign-compare]
     for (int i = 0; i < par.first.size(); ++i) { // recorro la palabra VER BIEN ESTO, EXPLOTA AL REDEFINIR
./string_map.hpp:86:15: warning: comparison between signed and unsigned integer expressions [-Wsign-compare]
         if (i == par.first.size() - 1) {
             ~~^~~~~~~~~~~~~~~~~~~~~~~
./string_map.hpp:83:13: warning: unused variable ‘ascii’ [-Wunused-variable]
         int ascii = int(c);
             ^~~~~
./string_map.hpp: In instantiation of ‘T& string_map<T>::at(const string&) [with T = int; std::__cxx11::string = std::__cxx11::basic_string<char>]’:
../../../../../../taller4/string_map_tests.cpp:15:5:   required from here
./string_map.hpp:167:23: warning: comparison between signed and unsigned integer expressions [-Wsign-compare]
     for (int i = 0; i < clave.size() - 1; ++i) {
                     ~~^~~~~~~~~~~~~~~~~~
./string_map.hpp: In instantiation of ‘void string_map<T>::insert(const std::pair<std::__cxx11::basic_string<char>, T>&) [with T = string_map<int>]’:
../../../../../../taller4/string_map_tests.cpp:153:48:   required from here
./string_map.hpp:81:23: warning: comparison between signed and unsigned integer expressions [-Wsign-compare]
     for (int i = 0; i < par.first.size(); ++i) { // recorro la palabra VER BIEN ESTO, EXPLOTA AL REDEFINIR
./string_map.hpp:86:15: warning: comparison between signed and unsigned integer expressions [-Wsign-compare]
         if (i == par.first.size() - 1) {
             ~~^~~~~~~~~~~~~~~~~~~~~~~
./string_map.hpp:83:13: warning: unused variable ‘ascii’ [-Wunused-variable]
         int ascii = int(c);
             ^~~~~
./string_map.hpp: In instantiation of ‘T& string_map<T>::at(const string&) [with T = string_map<int>; std::__cxx11::string = std::__cxx11::basic_string<char>]’:
../../../../../../taller4/string_map_tests.cpp:158:2:   required from here
./string_map.hpp:167:23: warning: comparison between signed and unsigned integer expressions [-Wsign-compare]
     for (int i = 0; i < clave.size() - 1; ++i) {
                     ~~^~~~~~~~~~~~~~~~~~
./string_map.hpp: In instantiation of ‘void string_map<T>::erase(const string&) [with T = int; std::__cxx11::string = std::__cxx11::basic_string<char>]’:
../../../../../../taller4/string_map_tests.cpp:178:27:   required from here
./string_map.hpp:185:23: warning: comparison between signed and unsigned integer expressions [-Wsign-compare]
     for (int i = 0; i < clave.size(); ++i) {
                     ~~^~~~~~~~~~~~~~
./string_map.hpp: In member function ‘int string_map<T>::count(const string&) const [with T = int]’:
./string_map.hpp:146:1: warning: control reaches end of non-void function [-Wreturn-type]
 }
 ^
