[==========] Running 10 tests from 1 test case.
[----------] Global test environment set-up.
[----------] 10 tests from string_map_test
[ RUN      ] string_map_test.vacio
[       OK ] string_map_test.vacio (25 ms)
[ RUN      ] string_map_test.asignar
[       OK ] string_map_test.asignar (14 ms)
[ RUN      ] string_map_test.obtener
[       OK ] string_map_test.obtener (17 ms)
[ RUN      ] string_map_test.redefinir
[       OK ] string_map_test.redefinir (9 ms)
[ RUN      ] string_map_test.count
[       OK ] string_map_test.count (26 ms)
[ RUN      ] string_map_test.copiar
[       OK ] string_map_test.copiar (38 ms)
[ RUN      ] string_map_test.no_aliasing
[       OK ] string_map_test.no_aliasing (10 ms)
[ RUN      ] string_map_test.TrieDeTries
[       OK ] string_map_test.TrieDeTries (81 ms)
[ RUN      ] string_map_test.eraseUnicaClave
[       OK ] string_map_test.eraseUnicaClave (12 ms)
[ RUN      ] string_map_test.erase
[       OK ] string_map_test.erase (20 ms)
[----------] 10 tests from string_map_test (267 ms total)

[----------] Global test environment tear-down
[==========] 10 tests from 1 test case ran. (353 ms total)
[  PASSED  ] 10 tests.
